# JRE version: Java(TM) SE Runtime Environment (8.0_301-b09) (build 1.8.0_301-b09)
# Java VM: Java HotSpot(TM) 64-Bit Server VM (25.301-b09 mixed mode windows-amd64 compressed oops)
Heap:
 PSYoungGen      total 415232K, used 374272K [0x0000000781100000, 0x00000007a4400000, 0x00000007c0000000)
  eden space 374272K, 100% used [0x0000000781100000,0x0000000797e80000,0x0000000797e80000)
  from space 40960K, 0% used [0x000000079a900000,0x000000079a900000,0x000000079d100000)
  to   space 43520K, 58% used [0x0000000797e80000,0x000000079974a400,0x000000079a900000)
 ParOldGen       total 163328K, used 97548K [0x0000000703200000, 0x000000070d180000, 0x0000000781100000)
  object space 163328K, 59% used [0x0000000703200000,0x00000007091431e8,0x000000070d180000)
 Metaspace       used 45362K, capacity 47051K, committed 47280K, reserved 1091584K
  class space    used 5385K, capacity 5755K, committed 5808K, reserved 1048576K
GC Heap History (10 events):
Event: 7.943 GC heap before
{Heap before GC invocations=8 (full 0):
 PSYoungGen      total 217088K, used 217056K [0x0000000781100000, 0x000000079d100000, 0x00000007c0000000)
  eden space 188416K, 100% used [0x0000000781100000,0x000000078c900000,0x000000078c900000)
  from space 28672K, 99% used [0x000000078c900000,0x000000078e4f8020,0x000000078e500000)
  to   space 40960K, 0% used [0x000000079a900000,0x000000079a900000,0x000000079d100000)
 ParOldGen       total 130048K, used 44980K [0x0000000703200000, 0x000000070b100000, 0x0000000781100000)
  object space 130048K, 34% used [0x0000000703200000,0x0000000705ded238,0x000000070b100000)
 Metaspace       used 19865K, capacity 20412K, committed 20736K, reserved 1067008K
  class space    used 2323K, capacity 2468K, committed 2560K, reserved 1048576K
Event: 7.972 GC heap after
Heap after GC invocations=8 (full 0):
 PSYoungGen      total 411648K, used 38739K [0x0000000781100000, 0x000000079dd00000, 0x00000007c0000000)
  eden space 370688K, 0% used [0x0000000781100000,0x0000000781100000,0x0000000797b00000)
  from space 40960K, 94% used [0x000000079a900000,0x000000079ced4c68,0x000000079d100000)
  to   space 47104K, 0% used [0x0000000797b00000,0x0000000797b00000,0x000000079a900000)
 ParOldGen       total 130048K, used 48593K [0x0000000703200000, 0x000000070b100000, 0x0000000781100000)
  object space 130048K, 37% used [0x0000000703200000,0x0000000706174550,0x000000070b100000)
 Metaspace       used 19865K, capacity 20412K, committed 20736K, reserved 1067008K
  class space    used 2323K, capacity 2468K, committed 2560K, reserved 1048576K
}
Event: 8.088 GC heap before
{Heap before GC invocations=9 (full 0):
 PSYoungGen      total 411648K, used 53664K [0x0000000781100000, 0x000000079dd00000, 0x00000007c0000000)
  eden space 370688K, 4% used [0x0000000781100000,0x0000000781f93648,0x0000000797b00000)
  from space 40960K, 94% used [0x000000079a900000,0x000000079ced4c68,0x000000079d100000)
  to   space 47104K, 0% used [0x0000000797b00000,0x0000000797b00000,0x000000079a900000)
 ParOldGen       total 130048K, used 48593K [0x0000000703200000, 0x000000070b100000, 0x0000000781100000)
  object space 130048K, 37% used [0x0000000703200000,0x0000000706174550,0x000000070b100000)
 Metaspace       used 20678K, capacity 21212K, committed 21296K, reserved 1069056K
  class space    used 2417K, capacity 2564K, committed 2608K, reserved 1048576K
Event: 8.119 GC heap after
Heap after GC invocations=9 (full 0):
 PSYoungGen      total 417792K, used 25044K [0x0000000781100000, 0x000000079dd00000, 0x00000007c0000000)
  eden space 370688K, 0% used [0x0000000781100000,0x0000000781100000,0x0000000797b00000)
  from space 47104K, 53% used [0x0000000797b00000,0x0000000799375018,0x000000079a900000)
  to   space 40960K, 0% used [0x000000079a900000,0x000000079a900000,0x000000079d100000)
 ParOldGen       total 130048K, used 58485K [0x0000000703200000, 0x000000070b100000, 0x0000000781100000)
  object space 130048K, 44% used [0x0000000703200000,0x0000000706b1d5e8,0x000000070b100000)
 Metaspace       used 20678K, capacity 21212K, committed 21296K, reserved 1069056K
  class space    used 2417K, capacity 2564K, committed 2608K, reserved 1048576K
}
Event: 8.119 GC heap before
{Heap before GC invocations=10 (full 1):
 PSYoungGen      total 417792K, used 25044K [0x0000000781100000, 0x000000079dd00000, 0x00000007c0000000)
  eden space 370688K, 0% used [0x0000000781100000,0x0000000781100000,0x0000000797b00000)
  from space 47104K, 53% used [0x0000000797b00000,0x0000000799375018,0x000000079a900000)
  to   space 40960K, 0% used [0x000000079a900000,0x000000079a900000,0x000000079d100000)
 ParOldGen       total 130048K, used 58485K [0x0000000703200000, 0x000000070b100000, 0x0000000781100000)
  object space 130048K, 44% used [0x0000000703200000,0x0000000706b1d5e8,0x000000070b100000)
 Metaspace       used 20678K, capacity 21212K, committed 21296K, reserved 1069056K
  class space    used 2417K, capacity 2564K, committed 2608K, reserved 1048576K
Event: 8.510 GC heap after
Heap after GC invocations=10 (full 1):
 PSYoungGen      total 417792K, used 0K [0x0000000781100000, 0x000000079dd00000, 0x00000007c0000000)
  eden space 370688K, 0% used [0x0000000781100000,0x0000000781100000,0x0000000797b00000)
  from space 47104K, 0% used [0x0000000797b00000,0x0000000797b00000,0x000000079a900000)
  to   space 40960K, 0% used [0x000000079a900000,0x000000079a900000,0x000000079d100000)
 ParOldGen       total 163328K, used 77461K [0x0000000703200000, 0x000000070d180000, 0x0000000781100000)
  object space 163328K, 47% used [0x0000000703200000,0x0000000707da55a8,0x000000070d180000)
 Metaspace       used 20678K, capacity 21212K, committed 21296K, reserved 1069056K
  class space    used 2417K, capacity 2564K, committed 2608K, reserved 1048576K
}
Event: 11.834 GC heap before
{Heap before GC invocations=11 (full 1):
 PSYoungGen      total 417792K, used 280026K [0x0000000781100000, 0x000000079dd00000, 0x00000007c0000000)
  eden space 370688K, 75% used [0x0000000781100000,0x0000000792276a18,0x0000000797b00000)
  from space 47104K, 0% used [0x0000000797b00000,0x0000000797b00000,0x000000079a900000)
  to   space 40960K, 0% used [0x000000079a900000,0x000000079a900000,0x000000079d100000)
 ParOldGen       total 163328K, used 77461K [0x0000000703200000, 0x000000070d180000, 0x0000000781100000)
  object space 163328K, 47% used [0x0000000703200000,0x0000000707da55a8,0x000000070d180000)
 Metaspace       used 34407K, capacity 35362K, committed 35496K, reserved 1081344K
  class space    used 4102K, capacity 4358K, committed 4400K, reserved 1048576K
Event: 11.860 GC heap after
Heap after GC invocations=11 (full 1):
 PSYoungGen      total 415232K, used 21139K [0x0000000781100000, 0x00000007a4400000, 0x00000007c0000000)
  eden space 374272K, 0% used [0x0000000781100000,0x0000000781100000,0x0000000797e80000)
  from space 40960K, 51% used [0x000000079a900000,0x000000079bda4eb8,0x000000079d100000)
  to   space 43520K, 0% used [0x0000000797e80000,0x0000000797e80000,0x000000079a900000)
 ParOldGen       total 163328K, used 77477K [0x0000000703200000, 0x000000070d180000, 0x0000000781100000)
  object space 163328K, 47% used [0x0000000703200000,0x0000000707da95a8,0x000000070d180000)
 Metaspace       used 34407K, capacity 35362K, committed 35496K, reserved 1081344K
  class space    used 4102K, capacity 4358K, committed 4400K, reserved 1048576K
}
Event: 11.860 GC heap before
{Heap before GC invocations=12 (full 2):
 PSYoungGen      total 415232K, used 21139K [0x0000000781100000, 0x00000007a4400000, 0x00000007c0000000)
  eden space 374272K, 0% used [0x0000000781100000,0x0000000781100000,0x0000000797e80000)
  from space 40960K, 51% used [0x000000079a900000,0x000000079bda4eb8,0x000000079d100000)
  to   space 43520K, 0% used [0x0000000797e80000,0x0000000797e80000,0x000000079a900000)
 ParOldGen       total 163328K, used 77477K [0x0000000703200000, 0x000000070d180000, 0x0000000781100000)
  object space 163328K, 47% used [0x0000000703200000,0x0000000707da95a8,0x000000070d180000)
 Metaspace       used 34407K, capacity 35362K, committed 35496K, reserved 1081344K
  class space    used 4102K, capacity 4358K, committed 4400K, reserved 1048576K
Event: 12.068 GC heap after
Heap after GC invocations=12 (full 2):
 PSYoungGen      total 415232K, used 0K [0x0000000781100000, 0x00000007a4400000, 0x00000007c0000000)
  eden space 374272K, 0% used [0x0000000781100000,0x0000000781100000,0x0000000797e80000)
  from space 40960K, 0% used [0x000000079a900000,0x000000079a900000,0x000000079d100000)
  to   space 43520K, 0% used [0x0000000797e80000,0x0000000797e80000,0x000000079a900000)
 ParOldGen       total 163328K, used 97540K [0x0000000703200000, 0x000000070d180000, 0x0000000781100000)
  object space 163328K, 59% used [0x0000000703200000,0x00000007091411e8,0x000000070d180000)
 Metaspace       used 34407K, capacity 35362K, committed 35496K, reserved 1081344K
  class space    used 4102K, capacity 4358K, committed 4400K, reserved 1048576K
}

